
[1m[46m RUN [49m[22m [36mv4.0.15 [39m[90mC:/Users/dmedl/Projects/Quill AI[39m
      [2mCoverage enabled with [22m[33mv8[39m

 [32mΓ£ô[39m tests/features/memory/MemoryManager.test.tsx [2m([22m[2m35 tests[22m[2m)[22m[33m 4495[2mms[22m[39m

[2m Test Files [22m [1m[32m1 passed[39m[22m[90m (1)[39m
[2m      Tests [22m [1m[32m35 passed[39m[22m[90m (35)[39m
[2m   Start at [22m 22:18:21
[2m   Duration [22m 7.71s[2m (transform 382ms, setup 858ms, import 496ms, tests 4.50s, environment 1.33s)[22m

JSON report written to C:/Users/dmedl/Projects/Quill AI/coverage/vitest-report.json
[34m % [39m[2mCoverage report from [22m[33mv8[39m
-------------------|---------|----------|---------|---------|-----------------------------
File               | % Stmts | % Branch | % Funcs | % Lines | Uncovered Line #s           
-------------------|---------|----------|---------|---------|-----------------------------
All files          |    94.5 |    78.57 |   98.57 |   95.67 |                             
 MemoryManager.tsx |    94.5 |    78.57 |   98.57 |   95.67 | 151-152,218-219,271-272,329 
-------------------|---------|----------|---------|---------|-----------------------------
ERROR: Coverage for branches (78.57%) does not meet global threshold (90%)
